<?xml version="1.0" encoding="UTF-8"?>
<coverage generated="1772807940970" clover="3.2.0">
  <project timestamp="1772807940970" name="All files">
    <metrics statements="16" coveredstatements="16" conditionals="10" coveredconditionals="10" methods="2" coveredmethods="2" elements="28" coveredelements="28" complexity="0" loc="16" ncloc="16" packages="1" files="2" classes="2"/>
    <file name="client.ts" path="/Users/mikeconnors/axiom/backend/src/db/client.ts">
      <metrics statements="2" coveredstatements="2" conditionals="10" coveredconditionals="10" methods="0" coveredmethods="0"/>
      <line num="1" count="2" type="stmt"/>
      <line num="3" count="2" type="stmt"/>
    </file>
    <file name="seed.ts" path="/Users/mikeconnors/axiom/backend/src/db/seed.ts">
      <metrics statements="14" coveredstatements="14" conditionals="0" coveredconditionals="0" methods="2" coveredmethods="2"/>
      <line num="1" count="1" type="stmt"/>
      <line num="2" count="1" type="stmt"/>
      <line num="3" count="1" type="stmt"/>
      <line num="5" count="1" type="stmt"/>
      <line num="6" count="2" type="stmt"/>
      <line num="7" count="2" type="stmt"/>
      <line num="9" count="4" type="stmt"/>
      <line num="12" count="2" type="stmt"/>
      <line num="13" count="2" type="stmt"/>
      <line num="14" count="2" type="stmt"/>
      <line num="15" count="2" type="stmt"/>
      <line num="16" count="4" type="stmt"/>
      <line num="17" count="4" type="stmt"/>
      <line num="20" count="2" type="stmt"/>
    </file>
  </project>
</coverage>
