{"/Users/mikeconnors/axiom/backend/src/db/client.ts": {"path":"/Users/mikeconnors/axiom/backend/src/db/client.ts","statementMap":{"0":{"start":{"line":1,"column":0},"end":{"line":1,"column":26}},"1":{"start":{"line":3,"column":13},"end":{"line":9,"column":3}}},"fnMap":{},"branchMap":{"0":{"loc":{"start":{"line":4,"column":8},"end":{"line":4,"column":41}},"type":"binary-expr","locations":[{"start":{"line":4,"column":8},"end":{"line":4,"column":26}},{"start":{"line":4,"column":30},"end":{"line":4,"column":41}}]},"1":{"loc":{"start":{"line":5,"column":17},"end":{"line":5,"column":45}},"type":"binary-expr","locations":[{"start":{"line":5,"column":17},"end":{"line":5,"column":35}},{"start":{"line":5,"column":39},"end":{"line":5,"column":45}}]},"2":{"loc":{"start":{"line":6,"column":12},"end":{"line":6,"column":49}},"type":"binary-expr","locations":[{"start":{"line":6,"column":12},"end":{"line":6,"column":34}},{"start":{"line":6,"column":38},"end":{"line":6,"column":49}}]},"3":{"loc":{"start":{"line":7,"column":8},"end":{"line":7,"column":37}},"type":"binary-expr","locations":[{"start":{"line":7,"column":8},"end":{"line":7,"column":26}},{"start":{"line":7,"column":30},"end":{"line":7,"column":37}}]},"4":{"loc":{"start":{"line":8,"column":12},"end":{"line":8,"column":45}},"type":"binary-expr","locations":[{"start":{"line":8,"column":12},"end":{"line":8,"column":34}},{"start":{"line":8,"column":38},"end":{"line":8,"column":45}}]}},"s":{"0":2,"1":2},"f":{},"b":{"0":[2,2],"1":[2,2],"2":[2,2],"3":[2,2],"4":[2,2]}}
,"/Users/mikeconnors/axiom/backend/src/db/seed.ts": {"path":"/Users/mikeconnors/axiom/backend/src/db/seed.ts","statementMap":{"0":{"start":{"line":5,"column":0},"end":{"line":5,"column":7}},"1":{"start":{"line":1,"column":0},"end":{"line":1,"column":25}},"2":{"start":{"line":2,"column":0},"end":{"line":2,"column":29}},"3":{"start":{"line":3,"column":0},"end":{"line":3,"column":32}},"4":{"start":{"line":6,"column":19},"end":{"line":6,"column":57}},"5":{"start":{"line":7,"column":16},"end":{"line":10,"column":11}},"6":{"start":{"line":9,"column":19},"end":{"line":9,"column":37}},"7":{"start":{"line":12,"column":17},"end":{"line":12,"column":37}},"8":{"start":{"line":13,"column":2},"end":{"line":21,"column":3}},"9":{"start":{"line":14,"column":4},"end":{"line":14,"column":56}},"10":{"start":{"line":15,"column":4},"end":{"line":18,"column":5}},"11":{"start":{"line":16,"column":18},"end":{"line":16,"column":68}},"12":{"start":{"line":17,"column":6},"end":{"line":17,"column":30}},"13":{"start":{"line":20,"column":4},"end":{"line":20,"column":21}}},"fnMap":{"0":{"name":"runSeeds","decl":{"start":{"line":5,"column":22},"end":{"line":5,"column":30}},"loc":{"start":{"line":5,"column":30},"end":{"line":22,"column":1}}},"1":{"name":"(anonymous_10)","decl":{"start":{"line":9,"column":12},"end":{"line":9,"column":13}},"loc":{"start":{"line":9,"column":19},"end":{"line":9,"column":37}}}},"branchMap":{},"s":{"0":1,"1":1,"2":1,"3":1,"4":2,"5":2,"6":4,"7":2,"8":2,"9":2,"10":2,"11":4,"12":4,"13":2},"f":{"0":2,"1":4},"b":{}}
}
